[0.211s] DEBUG:colcon:Command line arguments: ['/usr/bin/colcon', 'list', '-p', '--base-paths', '/home/xinlin/Desktop/mentoo-app']
[0.212s] DEBUG:colcon:Parsed command line arguments: Namespace(base_paths=['/home/xinlin/Desktop/mentoo-app'], build_base='build', ignore_user_meta=False, log_base=None, log_level=None, main=<bound method ListVerb.main of <colcon_package_information.verb.list.ListVerb object at 0x7f36b46f6910>>, metas=['./colcon.meta'], names_only=False, packages_above=None, packages_above_and_dependencies=None, packages_above_depth=None, packages_end=None, packages_ignore=None, packages_ignore_regex=None, packages_select=None, packages_select_build_failed=False, packages_select_by_dep=None, packages_select_regex=None, packages_select_test_failures=False, packages_skip=None, packages_skip_build_finished=False, packages_skip_by_dep=None, packages_skip_regex=None, packages_skip_test_passed=False, packages_skip_up_to=None, packages_start=None, packages_up_to=None, packages_up_to_regex=None, paths=None, paths_only=True, topological_graph=False, topological_graph_density=False, topological_graph_dot=False, topological_graph_dot_cluster=False, topological_graph_dot_include_skipped=False, topological_graph_legend=False, topological_order=False, verb_extension=<colcon_package_information.verb.list.ListVerb object at 0x7f36b46f6910>, verb_name='list', verb_parser=<colcon_defaults.argument_parser.defaults.DefaultArgumentsDecorator object at 0x7f36b4704f70>)
[0.290s] Level 1:colcon.colcon_core.package_discovery:discover_packages(colcon_meta) check parameters
[0.290s] Level 1:colcon.colcon_core.package_discovery:discover_packages(recursive) check parameters
[0.290s] Level 1:colcon.colcon_core.package_discovery:discover_packages(ignore) check parameters
[0.290s] Level 1:colcon.colcon_core.package_discovery:discover_packages(path) check parameters
[0.290s] Level 1:colcon.colcon_core.package_discovery:discover_packages(recursive) discover
[0.290s] INFO:colcon.colcon_core.package_discovery:Crawling recursively for packages in '/home/xinlin/Desktop/mentoo-app'
[0.291s] Level 1:colcon.colcon_core.package_identification:_identify(/home/xinlin/Desktop/mentoo-app) by extensions ['ignore', 'ignore_ament_install']
[0.291s] Level 1:colcon.colcon_core.package_identification:_identify(/home/xinlin/Desktop/mentoo-app) by extension 'ignore'
[0.291s] Level 1:colcon.colcon_core.package_identification:_identify(/home/xinlin/Desktop/mentoo-app) by extension 'ignore_ament_install'
[0.291s] Level 1:colcon.colcon_core.package_identification:_identify(/home/xinlin/Desktop/mentoo-app) by extensions ['colcon_pkg']
[0.291s] Level 1:colcon.colcon_core.package_identification:_identify(/home/xinlin/Desktop/mentoo-app) by extension 'colcon_pkg'
[0.291s] Level 1:colcon.colcon_core.package_identification:_identify(/home/xinlin/Desktop/mentoo-app) by extensions ['colcon_meta']
[0.291s] Level 1:colcon.colcon_core.package_identification:_identify(/home/xinlin/Desktop/mentoo-app) by extension 'colcon_meta'
[0.291s] Level 1:colcon.colcon_core.package_identification:_identify(/home/xinlin/Desktop/mentoo-app) by extensions ['ros']
[0.291s] Level 1:colcon.colcon_core.package_identification:_identify(/home/xinlin/Desktop/mentoo-app) by extension 'ros'
[0.317s] Level 1:colcon.colcon_core.package_identification:_identify(/home/xinlin/Desktop/mentoo-app) by extensions ['cmake', 'python']
[0.319s] Level 1:colcon.colcon_core.package_identification:_identify(/home/xinlin/Desktop/mentoo-app) by extension 'cmake'
[0.319s] Level 1:colcon.colcon_core.package_identification:_identify(/home/xinlin/Desktop/mentoo-app) by extension 'python'
[0.319s] Level 1:colcon.colcon_core.package_identification:_identify(/home/xinlin/Desktop/mentoo-app) by extensions ['python_setup_py']
[0.319s] Level 1:colcon.colcon_core.package_identification:_identify(/home/xinlin/Desktop/mentoo-app) by extension 'python_setup_py'
[0.319s] Level 1:colcon.colcon_core.package_identification:_identify(/home/xinlin/Desktop/mentoo-app/log) by extensions ['ignore', 'ignore_ament_install']
[0.320s] Level 1:colcon.colcon_core.package_identification:_identify(/home/xinlin/Desktop/mentoo-app/log) by extension 'ignore'
[0.320s] Level 1:colcon.colcon_core.package_identification:_identify(/home/xinlin/Desktop/mentoo-app/log) ignored
[0.320s] Level 1:colcon.colcon_core.package_identification:_identify(/home/xinlin/Desktop/mentoo-app/public) by extensions ['ignore', 'ignore_ament_install']
[0.320s] Level 1:colcon.colcon_core.package_identification:_identify(/home/xinlin/Desktop/mentoo-app/public) by extension 'ignore'
[0.320s] Level 1:colcon.colcon_core.package_identification:_identify(/home/xinlin/Desktop/mentoo-app/public) by extension 'ignore_ament_install'
[0.320s] Level 1:colcon.colcon_core.package_identification:_identify(/home/xinlin/Desktop/mentoo-app/public) by extensions ['colcon_pkg']
[0.320s] Level 1:colcon.colcon_core.package_identification:_identify(/home/xinlin/Desktop/mentoo-app/public) by extension 'colcon_pkg'
[0.321s] Level 1:colcon.colcon_core.package_identification:_identify(/home/xinlin/Desktop/mentoo-app/public) by extensions ['colcon_meta']
[0.321s] Level 1:colcon.colcon_core.package_identification:_identify(/home/xinlin/Desktop/mentoo-app/public) by extension 'colcon_meta'
[0.321s] Level 1:colcon.colcon_core.package_identification:_identify(/home/xinlin/Desktop/mentoo-app/public) by extensions ['ros']
[0.321s] Level 1:colcon.colcon_core.package_identification:_identify(/home/xinlin/Desktop/mentoo-app/public) by extension 'ros'
[0.321s] Level 1:colcon.colcon_core.package_identification:_identify(/home/xinlin/Desktop/mentoo-app/public) by extensions ['cmake', 'python']
[0.321s] Level 1:colcon.colcon_core.package_identification:_identify(/home/xinlin/Desktop/mentoo-app/public) by extension 'cmake'
[0.321s] Level 1:colcon.colcon_core.package_identification:_identify(/home/xinlin/Desktop/mentoo-app/public) by extension 'python'
[0.321s] Level 1:colcon.colcon_core.package_identification:_identify(/home/xinlin/Desktop/mentoo-app/public) by extensions ['python_setup_py']
[0.321s] Level 1:colcon.colcon_core.package_identification:_identify(/home/xinlin/Desktop/mentoo-app/public) by extension 'python_setup_py'
[0.321s] Level 1:colcon.colcon_core.package_identification:_identify(/home/xinlin/Desktop/mentoo-app/public/favicons) by extensions ['ignore', 'ignore_ament_install']
[0.322s] Level 1:colcon.colcon_core.package_identification:_identify(/home/xinlin/Desktop/mentoo-app/public/favicons) by extension 'ignore'
[0.322s] Level 1:colcon.colcon_core.package_identification:_identify(/home/xinlin/Desktop/mentoo-app/public/favicons) by extension 'ignore_ament_install'
[0.322s] Level 1:colcon.colcon_core.package_identification:_identify(/home/xinlin/Desktop/mentoo-app/public/favicons) by extensions ['colcon_pkg']
[0.322s] Level 1:colcon.colcon_core.package_identification:_identify(/home/xinlin/Desktop/mentoo-app/public/favicons) by extension 'colcon_pkg'
[0.322s] Level 1:colcon.colcon_core.package_identification:_identify(/home/xinlin/Desktop/mentoo-app/public/favicons) by extensions ['colcon_meta']
[0.322s] Level 1:colcon.colcon_core.package_identification:_identify(/home/xinlin/Desktop/mentoo-app/public/favicons) by extension 'colcon_meta'
[0.322s] Level 1:colcon.colcon_core.package_identification:_identify(/home/xinlin/Desktop/mentoo-app/public/favicons) by extensions ['ros']
[0.322s] Level 1:colcon.colcon_core.package_identification:_identify(/home/xinlin/Desktop/mentoo-app/public/favicons) by extension 'ros'
[0.323s] Level 1:colcon.colcon_core.package_identification:_identify(/home/xinlin/Desktop/mentoo-app/public/favicons) by extensions ['cmake', 'python']
[0.323s] Level 1:colcon.colcon_core.package_identification:_identify(/home/xinlin/Desktop/mentoo-app/public/favicons) by extension 'cmake'
[0.323s] Level 1:colcon.colcon_core.package_identification:_identify(/home/xinlin/Desktop/mentoo-app/public/favicons) by extension 'python'
[0.323s] Level 1:colcon.colcon_core.package_identification:_identify(/home/xinlin/Desktop/mentoo-app/public/favicons) by extensions ['python_setup_py']
[0.323s] Level 1:colcon.colcon_core.package_identification:_identify(/home/xinlin/Desktop/mentoo-app/public/favicons) by extension 'python_setup_py'
[0.323s] Level 1:colcon.colcon_core.package_identification:_identify(/home/xinlin/Desktop/mentoo-app/src) by extensions ['ignore', 'ignore_ament_install']
[0.323s] Level 1:colcon.colcon_core.package_identification:_identify(/home/xinlin/Desktop/mentoo-app/src) by extension 'ignore'
[0.323s] Level 1:colcon.colcon_core.package_identification:_identify(/home/xinlin/Desktop/mentoo-app/src) by extension 'ignore_ament_install'
[0.323s] Level 1:colcon.colcon_core.package_identification:_identify(/home/xinlin/Desktop/mentoo-app/src) by extensions ['colcon_pkg']
[0.324s] Level 1:colcon.colcon_core.package_identification:_identify(/home/xinlin/Desktop/mentoo-app/src) by extension 'colcon_pkg'
[0.324s] Level 1:colcon.colcon_core.package_identification:_identify(/home/xinlin/Desktop/mentoo-app/src) by extensions ['colcon_meta']
[0.324s] Level 1:colcon.colcon_core.package_identification:_identify(/home/xinlin/Desktop/mentoo-app/src) by extension 'colcon_meta'
[0.324s] Level 1:colcon.colcon_core.package_identification:_identify(/home/xinlin/Desktop/mentoo-app/src) by extensions ['ros']
[0.324s] Level 1:colcon.colcon_core.package_identification:_identify(/home/xinlin/Desktop/mentoo-app/src) by extension 'ros'
[0.324s] Level 1:colcon.colcon_core.package_identification:_identify(/home/xinlin/Desktop/mentoo-app/src) by extensions ['cmake', 'python']
[0.324s] Level 1:colcon.colcon_core.package_identification:_identify(/home/xinlin/Desktop/mentoo-app/src) by extension 'cmake'
[0.324s] Level 1:colcon.colcon_core.package_identification:_identify(/home/xinlin/Desktop/mentoo-app/src) by extension 'python'
[0.324s] Level 1:colcon.colcon_core.package_identification:_identify(/home/xinlin/Desktop/mentoo-app/src) by extensions ['python_setup_py']
[0.324s] Level 1:colcon.colcon_core.package_identification:_identify(/home/xinlin/Desktop/mentoo-app/src) by extension 'python_setup_py'
[0.325s] Level 1:colcon.colcon_core.package_identification:_identify(/home/xinlin/Desktop/mentoo-app/src/assets) by extensions ['ignore', 'ignore_ament_install']
[0.325s] Level 1:colcon.colcon_core.package_identification:_identify(/home/xinlin/Desktop/mentoo-app/src/assets) by extension 'ignore'
[0.325s] Level 1:colcon.colcon_core.package_identification:_identify(/home/xinlin/Desktop/mentoo-app/src/assets) by extension 'ignore_ament_install'
[0.325s] Level 1:colcon.colcon_core.package_identification:_identify(/home/xinlin/Desktop/mentoo-app/src/assets) by extensions ['colcon_pkg']
[0.325s] Level 1:colcon.colcon_core.package_identification:_identify(/home/xinlin/Desktop/mentoo-app/src/assets) by extension 'colcon_pkg'
[0.325s] Level 1:colcon.colcon_core.package_identification:_identify(/home/xinlin/Desktop/mentoo-app/src/assets) by extensions ['colcon_meta']
[0.325s] Level 1:colcon.colcon_core.package_identification:_identify(/home/xinlin/Desktop/mentoo-app/src/assets) by extension 'colcon_meta'
[0.325s] Level 1:colcon.colcon_core.package_identification:_identify(/home/xinlin/Desktop/mentoo-app/src/assets) by extensions ['ros']
[0.325s] Level 1:colcon.colcon_core.package_identification:_identify(/home/xinlin/Desktop/mentoo-app/src/assets) by extension 'ros'
[0.326s] Level 1:colcon.colcon_core.package_identification:_identify(/home/xinlin/Desktop/mentoo-app/src/assets) by extensions ['cmake', 'python']
[0.326s] Level 1:colcon.colcon_core.package_identification:_identify(/home/xinlin/Desktop/mentoo-app/src/assets) by extension 'cmake'
[0.326s] Level 1:colcon.colcon_core.package_identification:_identify(/home/xinlin/Desktop/mentoo-app/src/assets) by extension 'python'
[0.326s] Level 1:colcon.colcon_core.package_identification:_identify(/home/xinlin/Desktop/mentoo-app/src/assets) by extensions ['python_setup_py']
[0.326s] Level 1:colcon.colcon_core.package_identification:_identify(/home/xinlin/Desktop/mentoo-app/src/assets) by extension 'python_setup_py'
[0.326s] Level 1:colcon.colcon_core.package_identification:_identify(/home/xinlin/Desktop/mentoo-app/src/assets/fonts) by extensions ['ignore', 'ignore_ament_install']
[0.326s] Level 1:colcon.colcon_core.package_identification:_identify(/home/xinlin/Desktop/mentoo-app/src/assets/fonts) by extension 'ignore'
[0.326s] Level 1:colcon.colcon_core.package_identification:_identify(/home/xinlin/Desktop/mentoo-app/src/assets/fonts) by extension 'ignore_ament_install'
[0.327s] Level 1:colcon.colcon_core.package_identification:_identify(/home/xinlin/Desktop/mentoo-app/src/assets/fonts) by extensions ['colcon_pkg']
[0.327s] Level 1:colcon.colcon_core.package_identification:_identify(/home/xinlin/Desktop/mentoo-app/src/assets/fonts) by extension 'colcon_pkg'
[0.327s] Level 1:colcon.colcon_core.package_identification:_identify(/home/xinlin/Desktop/mentoo-app/src/assets/fonts) by extensions ['colcon_meta']
[0.327s] Level 1:colcon.colcon_core.package_identification:_identify(/home/xinlin/Desktop/mentoo-app/src/assets/fonts) by extension 'colcon_meta'
[0.327s] Level 1:colcon.colcon_core.package_identification:_identify(/home/xinlin/Desktop/mentoo-app/src/assets/fonts) by extensions ['ros']
[0.327s] Level 1:colcon.colcon_core.package_identification:_identify(/home/xinlin/Desktop/mentoo-app/src/assets/fonts) by extension 'ros'
[0.327s] Level 1:colcon.colcon_core.package_identification:_identify(/home/xinlin/Desktop/mentoo-app/src/assets/fonts) by extensions ['cmake', 'python']
[0.327s] Level 1:colcon.colcon_core.package_identification:_identify(/home/xinlin/Desktop/mentoo-app/src/assets/fonts) by extension 'cmake'
[0.327s] Level 1:colcon.colcon_core.package_identification:_identify(/home/xinlin/Desktop/mentoo-app/src/assets/fonts) by extension 'python'
[0.327s] Level 1:colcon.colcon_core.package_identification:_identify(/home/xinlin/Desktop/mentoo-app/src/assets/fonts) by extensions ['python_setup_py']
[0.327s] Level 1:colcon.colcon_core.package_identification:_identify(/home/xinlin/Desktop/mentoo-app/src/assets/fonts) by extension 'python_setup_py'
[0.328s] Level 1:colcon.colcon_core.package_identification:_identify(/home/xinlin/Desktop/mentoo-app/src/assets/hospital) by extensions ['ignore', 'ignore_ament_install']
[0.328s] Level 1:colcon.colcon_core.package_identification:_identify(/home/xinlin/Desktop/mentoo-app/src/assets/hospital) by extension 'ignore'
[0.328s] Level 1:colcon.colcon_core.package_identification:_identify(/home/xinlin/Desktop/mentoo-app/src/assets/hospital) by extension 'ignore_ament_install'
[0.328s] Level 1:colcon.colcon_core.package_identification:_identify(/home/xinlin/Desktop/mentoo-app/src/assets/hospital) by extensions ['colcon_pkg']
[0.329s] Level 1:colcon.colcon_core.package_identification:_identify(/home/xinlin/Desktop/mentoo-app/src/assets/hospital) by extension 'colcon_pkg'
[0.329s] Level 1:colcon.colcon_core.package_identification:_identify(/home/xinlin/Desktop/mentoo-app/src/assets/hospital) by extensions ['colcon_meta']
[0.329s] Level 1:colcon.colcon_core.package_identification:_identify(/home/xinlin/Desktop/mentoo-app/src/assets/hospital) by extension 'colcon_meta'
[0.329s] Level 1:colcon.colcon_core.package_identification:_identify(/home/xinlin/Desktop/mentoo-app/src/assets/hospital) by extensions ['ros']
[0.329s] Level 1:colcon.colcon_core.package_identification:_identify(/home/xinlin/Desktop/mentoo-app/src/assets/hospital) by extension 'ros'
[0.329s] Level 1:colcon.colcon_core.package_identification:_identify(/home/xinlin/Desktop/mentoo-app/src/assets/hospital) by extensions ['cmake', 'python']
[0.329s] Level 1:colcon.colcon_core.package_identification:_identify(/home/xinlin/Desktop/mentoo-app/src/assets/hospital) by extension 'cmake'
[0.329s] Level 1:colcon.colcon_core.package_identification:_identify(/home/xinlin/Desktop/mentoo-app/src/assets/hospital) by extension 'python'
[0.330s] Level 1:colcon.colcon_core.package_identification:_identify(/home/xinlin/Desktop/mentoo-app/src/assets/hospital) by extensions ['python_setup_py']
[0.330s] Level 1:colcon.colcon_core.package_identification:_identify(/home/xinlin/Desktop/mentoo-app/src/assets/hospital) by extension 'python_setup_py'
[0.330s] Level 1:colcon.colcon_core.package_identification:_identify(/home/xinlin/Desktop/mentoo-app/src/assets/hospital/person) by extensions ['ignore', 'ignore_ament_install']
[0.330s] Level 1:colcon.colcon_core.package_identification:_identify(/home/xinlin/Desktop/mentoo-app/src/assets/hospital/person) by extension 'ignore'
[0.330s] Level 1:colcon.colcon_core.package_identification:_identify(/home/xinlin/Desktop/mentoo-app/src/assets/hospital/person) by extension 'ignore_ament_install'
[0.330s] Level 1:colcon.colcon_core.package_identification:_identify(/home/xinlin/Desktop/mentoo-app/src/assets/hospital/person) by extensions ['colcon_pkg']
[0.330s] Level 1:colcon.colcon_core.package_identification:_identify(/home/xinlin/Desktop/mentoo-app/src/assets/hospital/person) by extension 'colcon_pkg'
[0.331s] Level 1:colcon.colcon_core.package_identification:_identify(/home/xinlin/Desktop/mentoo-app/src/assets/hospital/person) by extensions ['colcon_meta']
[0.331s] Level 1:colcon.colcon_core.package_identification:_identify(/home/xinlin/Desktop/mentoo-app/src/assets/hospital/person) by extension 'colcon_meta'
[0.331s] Level 1:colcon.colcon_core.package_identification:_identify(/home/xinlin/Desktop/mentoo-app/src/assets/hospital/person) by extensions ['ros']
[0.331s] Level 1:colcon.colcon_core.package_identification:_identify(/home/xinlin/Desktop/mentoo-app/src/assets/hospital/person) by extension 'ros'
[0.331s] Level 1:colcon.colcon_core.package_identification:_identify(/home/xinlin/Desktop/mentoo-app/src/assets/hospital/person) by extensions ['cmake', 'python']
[0.331s] Level 1:colcon.colcon_core.package_identification:_identify(/home/xinlin/Desktop/mentoo-app/src/assets/hospital/person) by extension 'cmake'
[0.331s] Level 1:colcon.colcon_core.package_identification:_identify(/home/xinlin/Desktop/mentoo-app/src/assets/hospital/person) by extension 'python'
[0.331s] Level 1:colcon.colcon_core.package_identification:_identify(/home/xinlin/Desktop/mentoo-app/src/assets/hospital/person) by extensions ['python_setup_py']
[0.331s] Level 1:colcon.colcon_core.package_identification:_identify(/home/xinlin/Desktop/mentoo-app/src/assets/hospital/person) by extension 'python_setup_py'
[0.332s] Level 1:colcon.colcon_core.package_identification:_identify(/home/xinlin/Desktop/mentoo-app/src/assets/hospital/place) by extensions ['ignore', 'ignore_ament_install']
[0.332s] Level 1:colcon.colcon_core.package_identification:_identify(/home/xinlin/Desktop/mentoo-app/src/assets/hospital/place) by extension 'ignore'
[0.332s] Level 1:colcon.colcon_core.package_identification:_identify(/home/xinlin/Desktop/mentoo-app/src/assets/hospital/place) by extension 'ignore_ament_install'
[0.332s] Level 1:colcon.colcon_core.package_identification:_identify(/home/xinlin/Desktop/mentoo-app/src/assets/hospital/place) by extensions ['colcon_pkg']
[0.332s] Level 1:colcon.colcon_core.package_identification:_identify(/home/xinlin/Desktop/mentoo-app/src/assets/hospital/place) by extension 'colcon_pkg'
[0.332s] Level 1:colcon.colcon_core.package_identification:_identify(/home/xinlin/Desktop/mentoo-app/src/assets/hospital/place) by extensions ['colcon_meta']
[0.332s] Level 1:colcon.colcon_core.package_identification:_identify(/home/xinlin/Desktop/mentoo-app/src/assets/hospital/place) by extension 'colcon_meta'
[0.332s] Level 1:colcon.colcon_core.package_identification:_identify(/home/xinlin/Desktop/mentoo-app/src/assets/hospital/place) by extensions ['ros']
[0.332s] Level 1:colcon.colcon_core.package_identification:_identify(/home/xinlin/Desktop/mentoo-app/src/assets/hospital/place) by extension 'ros'
[0.333s] Level 1:colcon.colcon_core.package_identification:_identify(/home/xinlin/Desktop/mentoo-app/src/assets/hospital/place) by extensions ['cmake', 'python']
[0.333s] Level 1:colcon.colcon_core.package_identification:_identify(/home/xinlin/Desktop/mentoo-app/src/assets/hospital/place) by extension 'cmake'
[0.333s] Level 1:colcon.colcon_core.package_identification:_identify(/home/xinlin/Desktop/mentoo-app/src/assets/hospital/place) by extension 'python'
[0.333s] Level 1:colcon.colcon_core.package_identification:_identify(/home/xinlin/Desktop/mentoo-app/src/assets/hospital/place) by extensions ['python_setup_py']
[0.333s] Level 1:colcon.colcon_core.package_identification:_identify(/home/xinlin/Desktop/mentoo-app/src/assets/hospital/place) by extension 'python_setup_py'
[0.333s] Level 1:colcon.colcon_core.package_identification:_identify(/home/xinlin/Desktop/mentoo-app/src/assets/lawyer) by extensions ['ignore', 'ignore_ament_install']
[0.333s] Level 1:colcon.colcon_core.package_identification:_identify(/home/xinlin/Desktop/mentoo-app/src/assets/lawyer) by extension 'ignore'
[0.334s] Level 1:colcon.colcon_core.package_identification:_identify(/home/xinlin/Desktop/mentoo-app/src/assets/lawyer) by extension 'ignore_ament_install'
[0.334s] Level 1:colcon.colcon_core.package_identification:_identify(/home/xinlin/Desktop/mentoo-app/src/assets/lawyer) by extensions ['colcon_pkg']
[0.334s] Level 1:colcon.colcon_core.package_identification:_identify(/home/xinlin/Desktop/mentoo-app/src/assets/lawyer) by extension 'colcon_pkg'
[0.334s] Level 1:colcon.colcon_core.package_identification:_identify(/home/xinlin/Desktop/mentoo-app/src/assets/lawyer) by extensions ['colcon_meta']
[0.334s] Level 1:colcon.colcon_core.package_identification:_identify(/home/xinlin/Desktop/mentoo-app/src/assets/lawyer) by extension 'colcon_meta'
[0.334s] Level 1:colcon.colcon_core.package_identification:_identify(/home/xinlin/Desktop/mentoo-app/src/assets/lawyer) by extensions ['ros']
[0.334s] Level 1:colcon.colcon_core.package_identification:_identify(/home/xinlin/Desktop/mentoo-app/src/assets/lawyer) by extension 'ros'
[0.334s] Level 1:colcon.colcon_core.package_identification:_identify(/home/xinlin/Desktop/mentoo-app/src/assets/lawyer) by extensions ['cmake', 'python']
[0.334s] Level 1:colcon.colcon_core.package_identification:_identify(/home/xinlin/Desktop/mentoo-app/src/assets/lawyer) by extension 'cmake'
[0.335s] Level 1:colcon.colcon_core.package_identification:_identify(/home/xinlin/Desktop/mentoo-app/src/assets/lawyer) by extension 'python'
[0.335s] Level 1:colcon.colcon_core.package_identification:_identify(/home/xinlin/Desktop/mentoo-app/src/assets/lawyer) by extensions ['python_setup_py']
[0.335s] Level 1:colcon.colcon_core.package_identification:_identify(/home/xinlin/Desktop/mentoo-app/src/assets/lawyer) by extension 'python_setup_py'
[0.335s] Level 1:colcon.colcon_core.package_identification:_identify(/home/xinlin/Desktop/mentoo-app/src/assets/lawyer/person) by extensions ['ignore', 'ignore_ament_install']
[0.335s] Level 1:colcon.colcon_core.package_identification:_identify(/home/xinlin/Desktop/mentoo-app/src/assets/lawyer/person) by extension 'ignore'
[0.335s] Level 1:colcon.colcon_core.package_identification:_identify(/home/xinlin/Desktop/mentoo-app/src/assets/lawyer/person) by extension 'ignore_ament_install'
[0.336s] Level 1:colcon.colcon_core.package_identification:_identify(/home/xinlin/Desktop/mentoo-app/src/assets/lawyer/person) by extensions ['colcon_pkg']
[0.336s] Level 1:colcon.colcon_core.package_identification:_identify(/home/xinlin/Desktop/mentoo-app/src/assets/lawyer/person) by extension 'colcon_pkg'
[0.336s] Level 1:colcon.colcon_core.package_identification:_identify(/home/xinlin/Desktop/mentoo-app/src/assets/lawyer/person) by extensions ['colcon_meta']
[0.336s] Level 1:colcon.colcon_core.package_identification:_identify(/home/xinlin/Desktop/mentoo-app/src/assets/lawyer/person) by extension 'colcon_meta'
[0.336s] Level 1:colcon.colcon_core.package_identification:_identify(/home/xinlin/Desktop/mentoo-app/src/assets/lawyer/person) by extensions ['ros']
[0.336s] Level 1:colcon.colcon_core.package_identification:_identify(/home/xinlin/Desktop/mentoo-app/src/assets/lawyer/person) by extension 'ros'
[0.336s] Level 1:colcon.colcon_core.package_identification:_identify(/home/xinlin/Desktop/mentoo-app/src/assets/lawyer/person) by extensions ['cmake', 'python']
[0.336s] Level 1:colcon.colcon_core.package_identification:_identify(/home/xinlin/Desktop/mentoo-app/src/assets/lawyer/person) by extension 'cmake'
[0.336s] Level 1:colcon.colcon_core.package_identification:_identify(/home/xinlin/Desktop/mentoo-app/src/assets/lawyer/person) by extension 'python'
[0.336s] Level 1:colcon.colcon_core.package_identification:_identify(/home/xinlin/Desktop/mentoo-app/src/assets/lawyer/person) by extensions ['python_setup_py']
[0.336s] Level 1:colcon.colcon_core.package_identification:_identify(/home/xinlin/Desktop/mentoo-app/src/assets/lawyer/person) by extension 'python_setup_py'
[0.337s] Level 1:colcon.colcon_core.package_identification:_identify(/home/xinlin/Desktop/mentoo-app/src/assets/lawyer/place) by extensions ['ignore', 'ignore_ament_install']
[0.337s] Level 1:colcon.colcon_core.package_identification:_identify(/home/xinlin/Desktop/mentoo-app/src/assets/lawyer/place) by extension 'ignore'
[0.337s] Level 1:colcon.colcon_core.package_identification:_identify(/home/xinlin/Desktop/mentoo-app/src/assets/lawyer/place) by extension 'ignore_ament_install'
[0.337s] Level 1:colcon.colcon_core.package_identification:_identify(/home/xinlin/Desktop/mentoo-app/src/assets/lawyer/place) by extensions ['colcon_pkg']
[0.337s] Level 1:colcon.colcon_core.package_identification:_identify(/home/xinlin/Desktop/mentoo-app/src/assets/lawyer/place) by extension 'colcon_pkg'
[0.337s] Level 1:colcon.colcon_core.package_identification:_identify(/home/xinlin/Desktop/mentoo-app/src/assets/lawyer/place) by extensions ['colcon_meta']
[0.337s] Level 1:colcon.colcon_core.package_identification:_identify(/home/xinlin/Desktop/mentoo-app/src/assets/lawyer/place) by extension 'colcon_meta'
[0.338s] Level 1:colcon.colcon_core.package_identification:_identify(/home/xinlin/Desktop/mentoo-app/src/assets/lawyer/place) by extensions ['ros']
[0.338s] Level 1:colcon.colcon_core.package_identification:_identify(/home/xinlin/Desktop/mentoo-app/src/assets/lawyer/place) by extension 'ros'
[0.338s] Level 1:colcon.colcon_core.package_identification:_identify(/home/xinlin/Desktop/mentoo-app/src/assets/lawyer/place) by extensions ['cmake', 'python']
[0.338s] Level 1:colcon.colcon_core.package_identification:_identify(/home/xinlin/Desktop/mentoo-app/src/assets/lawyer/place) by extension 'cmake'
[0.338s] Level 1:colcon.colcon_core.package_identification:_identify(/home/xinlin/Desktop/mentoo-app/src/assets/lawyer/place) by extension 'python'
[0.338s] Level 1:colcon.colcon_core.package_identification:_identify(/home/xinlin/Desktop/mentoo-app/src/assets/lawyer/place) by extensions ['python_setup_py']
[0.338s] Level 1:colcon.colcon_core.package_identification:_identify(/home/xinlin/Desktop/mentoo-app/src/assets/lawyer/place) by extension 'python_setup_py'
[0.338s] Level 1:colcon.colcon_core.package_identification:_identify(/home/xinlin/Desktop/mentoo-app/src/assets/news) by extensions ['ignore', 'ignore_ament_install']
[0.338s] Level 1:colcon.colcon_core.package_identification:_identify(/home/xinlin/Desktop/mentoo-app/src/assets/news) by extension 'ignore'
[0.339s] Level 1:colcon.colcon_core.package_identification:_identify(/home/xinlin/Desktop/mentoo-app/src/assets/news) by extension 'ignore_ament_install'
[0.339s] Level 1:colcon.colcon_core.package_identification:_identify(/home/xinlin/Desktop/mentoo-app/src/assets/news) by extensions ['colcon_pkg']
[0.339s] Level 1:colcon.colcon_core.package_identification:_identify(/home/xinlin/Desktop/mentoo-app/src/assets/news) by extension 'colcon_pkg'
[0.339s] Level 1:colcon.colcon_core.package_identification:_identify(/home/xinlin/Desktop/mentoo-app/src/assets/news) by extensions ['colcon_meta']
[0.339s] Level 1:colcon.colcon_core.package_identification:_identify(/home/xinlin/Desktop/mentoo-app/src/assets/news) by extension 'colcon_meta'
[0.339s] Level 1:colcon.colcon_core.package_identification:_identify(/home/xinlin/Desktop/mentoo-app/src/assets/news) by extensions ['ros']
[0.339s] Level 1:colcon.colcon_core.package_identification:_identify(/home/xinlin/Desktop/mentoo-app/src/assets/news) by extension 'ros'
[0.339s] Level 1:colcon.colcon_core.package_identification:_identify(/home/xinlin/Desktop/mentoo-app/src/assets/news) by extensions ['cmake', 'python']
[0.340s] Level 1:colcon.colcon_core.package_identification:_identify(/home/xinlin/Desktop/mentoo-app/src/assets/news) by extension 'cmake'
[0.340s] Level 1:colcon.colcon_core.package_identification:_identify(/home/xinlin/Desktop/mentoo-app/src/assets/news) by extension 'python'
[0.340s] Level 1:colcon.colcon_core.package_identification:_identify(/home/xinlin/Desktop/mentoo-app/src/assets/news) by extensions ['python_setup_py']
[0.340s] Level 1:colcon.colcon_core.package_identification:_identify(/home/xinlin/Desktop/mentoo-app/src/assets/news) by extension 'python_setup_py'
[0.340s] Level 1:colcon.colcon_core.package_identification:_identify(/home/xinlin/Desktop/mentoo-app/src/assets/news/demo) by extensions ['ignore', 'ignore_ament_install']
[0.340s] Level 1:colcon.colcon_core.package_identification:_identify(/home/xinlin/Desktop/mentoo-app/src/assets/news/demo) by extension 'ignore'
[0.340s] Level 1:colcon.colcon_core.package_identification:_identify(/home/xinlin/Desktop/mentoo-app/src/assets/news/demo) by extension 'ignore_ament_install'
[0.341s] Level 1:colcon.colcon_core.package_identification:_identify(/home/xinlin/Desktop/mentoo-app/src/assets/news/demo) by extensions ['colcon_pkg']
[0.341s] Level 1:colcon.colcon_core.package_identification:_identify(/home/xinlin/Desktop/mentoo-app/src/assets/news/demo) by extension 'colcon_pkg'
[0.341s] Level 1:colcon.colcon_core.package_identification:_identify(/home/xinlin/Desktop/mentoo-app/src/assets/news/demo) by extensions ['colcon_meta']
[0.341s] Level 1:colcon.colcon_core.package_identification:_identify(/home/xinlin/Desktop/mentoo-app/src/assets/news/demo) by extension 'colcon_meta'
[0.341s] Level 1:colcon.colcon_core.package_identification:_identify(/home/xinlin/Desktop/mentoo-app/src/assets/news/demo) by extensions ['ros']
[0.341s] Level 1:colcon.colcon_core.package_identification:_identify(/home/xinlin/Desktop/mentoo-app/src/assets/news/demo) by extension 'ros'
[0.341s] Level 1:colcon.colcon_core.package_identification:_identify(/home/xinlin/Desktop/mentoo-app/src/assets/news/demo) by extensions ['cmake', 'python']
[0.342s] Level 1:colcon.colcon_core.package_identification:_identify(/home/xinlin/Desktop/mentoo-app/src/assets/news/demo) by extension 'cmake'
[0.342s] Level 1:colcon.colcon_core.package_identification:_identify(/home/xinlin/Desktop/mentoo-app/src/assets/news/demo) by extension 'python'
[0.342s] Level 1:colcon.colcon_core.package_identification:_identify(/home/xinlin/Desktop/mentoo-app/src/assets/news/demo) by extensions ['python_setup_py']
[0.342s] Level 1:colcon.colcon_core.package_identification:_identify(/home/xinlin/Desktop/mentoo-app/src/assets/news/demo) by extension 'python_setup_py'
[0.342s] Level 1:colcon.colcon_core.package_identification:_identify(/home/xinlin/Desktop/mentoo-app/src/assets/news/pre) by extensions ['ignore', 'ignore_ament_install']
[0.342s] Level 1:colcon.colcon_core.package_identification:_identify(/home/xinlin/Desktop/mentoo-app/src/assets/news/pre) by extension 'ignore'
[0.342s] Level 1:colcon.colcon_core.package_identification:_identify(/home/xinlin/Desktop/mentoo-app/src/assets/news/pre) by extension 'ignore_ament_install'
[0.343s] Level 1:colcon.colcon_core.package_identification:_identify(/home/xinlin/Desktop/mentoo-app/src/assets/news/pre) by extensions ['colcon_pkg']
[0.343s] Level 1:colcon.colcon_core.package_identification:_identify(/home/xinlin/Desktop/mentoo-app/src/assets/news/pre) by extension 'colcon_pkg'
[0.343s] Level 1:colcon.colcon_core.package_identification:_identify(/home/xinlin/Desktop/mentoo-app/src/assets/news/pre) by extensions ['colcon_meta']
[0.343s] Level 1:colcon.colcon_core.package_identification:_identify(/home/xinlin/Desktop/mentoo-app/src/assets/news/pre) by extension 'colcon_meta'
[0.343s] Level 1:colcon.colcon_core.package_identification:_identify(/home/xinlin/Desktop/mentoo-app/src/assets/news/pre) by extensions ['ros']
[0.343s] Level 1:colcon.colcon_core.package_identification:_identify(/home/xinlin/Desktop/mentoo-app/src/assets/news/pre) by extension 'ros'
[0.343s] Level 1:colcon.colcon_core.package_identification:_identify(/home/xinlin/Desktop/mentoo-app/src/assets/news/pre) by extensions ['cmake', 'python']
[0.343s] Level 1:colcon.colcon_core.package_identification:_identify(/home/xinlin/Desktop/mentoo-app/src/assets/news/pre) by extension 'cmake'
[0.344s] Level 1:colcon.colcon_core.package_identification:_identify(/home/xinlin/Desktop/mentoo-app/src/assets/news/pre) by extension 'python'
[0.344s] Level 1:colcon.colcon_core.package_identification:_identify(/home/xinlin/Desktop/mentoo-app/src/assets/news/pre) by extensions ['python_setup_py']
[0.344s] Level 1:colcon.colcon_core.package_identification:_identify(/home/xinlin/Desktop/mentoo-app/src/assets/news/pre) by extension 'python_setup_py'
[0.344s] Level 1:colcon.colcon_core.package_identification:_identify(/home/xinlin/Desktop/mentoo-app/src/assets/police) by extensions ['ignore', 'ignore_ament_install']
[0.344s] Level 1:colcon.colcon_core.package_identification:_identify(/home/xinlin/Desktop/mentoo-app/src/assets/police) by extension 'ignore'
[0.344s] Level 1:colcon.colcon_core.package_identification:_identify(/home/xinlin/Desktop/mentoo-app/src/assets/police) by extension 'ignore_ament_install'
[0.345s] Level 1:colcon.colcon_core.package_identification:_identify(/home/xinlin/Desktop/mentoo-app/src/assets/police) by extensions ['colcon_pkg']
[0.345s] Level 1:colcon.colcon_core.package_identification:_identify(/home/xinlin/Desktop/mentoo-app/src/assets/police) by extension 'colcon_pkg'
[0.345s] Level 1:colcon.colcon_core.package_identification:_identify(/home/xinlin/Desktop/mentoo-app/src/assets/police) by extensions ['colcon_meta']
[0.345s] Level 1:colcon.colcon_core.package_identification:_identify(/home/xinlin/Desktop/mentoo-app/src/assets/police) by extension 'colcon_meta'
[0.345s] Level 1:colcon.colcon_core.package_identification:_identify(/home/xinlin/Desktop/mentoo-app/src/assets/police) by extensions ['ros']
[0.345s] Level 1:colcon.colcon_core.package_identification:_identify(/home/xinlin/Desktop/mentoo-app/src/assets/police) by extension 'ros'
[0.345s] Level 1:colcon.colcon_core.package_identification:_identify(/home/xinlin/Desktop/mentoo-app/src/assets/police) by extensions ['cmake', 'python']
[0.345s] Level 1:colcon.colcon_core.package_identification:_identify(/home/xinlin/Desktop/mentoo-app/src/assets/police) by extension 'cmake'
[0.345s] Level 1:colcon.colcon_core.package_identification:_identify(/home/xinlin/Desktop/mentoo-app/src/assets/police) by extension 'python'
[0.345s] Level 1:colcon.colcon_core.package_identification:_identify(/home/xinlin/Desktop/mentoo-app/src/assets/police) by extensions ['python_setup_py']
[0.346s] Level 1:colcon.colcon_core.package_identification:_identify(/home/xinlin/Desktop/mentoo-app/src/assets/police) by extension 'python_setup_py'
[0.346s] Level 1:colcon.colcon_core.package_identification:_identify(/home/xinlin/Desktop/mentoo-app/src/assets/psy) by extensions ['ignore', 'ignore_ament_install']
[0.346s] Level 1:colcon.colcon_core.package_identification:_identify(/home/xinlin/Desktop/mentoo-app/src/assets/psy) by extension 'ignore'
[0.346s] Level 1:colcon.colcon_core.package_identification:_identify(/home/xinlin/Desktop/mentoo-app/src/assets/psy) by extension 'ignore_ament_install'
[0.346s] Level 1:colcon.colcon_core.package_identification:_identify(/home/xinlin/Desktop/mentoo-app/src/assets/psy) by extensions ['colcon_pkg']
[0.346s] Level 1:colcon.colcon_core.package_identification:_identify(/home/xinlin/Desktop/mentoo-app/src/assets/psy) by extension 'colcon_pkg'
[0.346s] Level 1:colcon.colcon_core.package_identification:_identify(/home/xinlin/Desktop/mentoo-app/src/assets/psy) by extensions ['colcon_meta']
[0.347s] Level 1:colcon.colcon_core.package_identification:_identify(/home/xinlin/Desktop/mentoo-app/src/assets/psy) by extension 'colcon_meta'
[0.347s] Level 1:colcon.colcon_core.package_identification:_identify(/home/xinlin/Desktop/mentoo-app/src/assets/psy) by extensions ['ros']
[0.347s] Level 1:colcon.colcon_core.package_identification:_identify(/home/xinlin/Desktop/mentoo-app/src/assets/psy) by extension 'ros'
[0.347s] Level 1:colcon.colcon_core.package_identification:_identify(/home/xinlin/Desktop/mentoo-app/src/assets/psy) by extensions ['cmake', 'python']
[0.347s] Level 1:colcon.colcon_core.package_identification:_identify(/home/xinlin/Desktop/mentoo-app/src/assets/psy) by extension 'cmake'
[0.347s] Level 1:colcon.colcon_core.package_identification:_identify(/home/xinlin/Desktop/mentoo-app/src/assets/psy) by extension 'python'
[0.347s] Level 1:colcon.colcon_core.package_identification:_identify(/home/xinlin/Desktop/mentoo-app/src/assets/psy) by extensions ['python_setup_py']
[0.347s] Level 1:colcon.colcon_core.package_identification:_identify(/home/xinlin/Desktop/mentoo-app/src/assets/psy) by extension 'python_setup_py'
[0.347s] Level 1:colcon.colcon_core.package_identification:_identify(/home/xinlin/Desktop/mentoo-app/src/components) by extensions ['ignore', 'ignore_ament_install']
[0.362s] Level 1:colcon.colcon_core.package_identification:_identify(/home/xinlin/Desktop/mentoo-app/src/components) by extension 'ignore'
[0.363s] Level 1:colcon.colcon_core.package_identification:_identify(/home/xinlin/Desktop/mentoo-app/src/components) by extension 'ignore_ament_install'
[0.363s] Level 1:colcon.colcon_core.package_identification:_identify(/home/xinlin/Desktop/mentoo-app/src/components) by extensions ['colcon_pkg']
[0.363s] Level 1:colcon.colcon_core.package_identification:_identify(/home/xinlin/Desktop/mentoo-app/src/components) by extension 'colcon_pkg'
[0.363s] Level 1:colcon.colcon_core.package_identification:_identify(/home/xinlin/Desktop/mentoo-app/src/components) by extensions ['colcon_meta']
[0.363s] Level 1:colcon.colcon_core.package_identification:_identify(/home/xinlin/Desktop/mentoo-app/src/components) by extension 'colcon_meta'
[0.363s] Level 1:colcon.colcon_core.package_identification:_identify(/home/xinlin/Desktop/mentoo-app/src/components) by extensions ['ros']
[0.363s] Level 1:colcon.colcon_core.package_identification:_identify(/home/xinlin/Desktop/mentoo-app/src/components) by extension 'ros'
[0.363s] Level 1:colcon.colcon_core.package_identification:_identify(/home/xinlin/Desktop/mentoo-app/src/components) by extensions ['cmake', 'python']
[0.363s] Level 1:colcon.colcon_core.package_identification:_identify(/home/xinlin/Desktop/mentoo-app/src/components) by extension 'cmake'
[0.364s] Level 1:colcon.colcon_core.package_identification:_identify(/home/xinlin/Desktop/mentoo-app/src/components) by extension 'python'
[0.364s] Level 1:colcon.colcon_core.package_identification:_identify(/home/xinlin/Desktop/mentoo-app/src/components) by extensions ['python_setup_py']
[0.364s] Level 1:colcon.colcon_core.package_identification:_identify(/home/xinlin/Desktop/mentoo-app/src/components) by extension 'python_setup_py'
[0.364s] Level 1:colcon.colcon_core.package_identification:_identify(/home/xinlin/Desktop/mentoo-app/src/router) by extensions ['ignore', 'ignore_ament_install']
[0.364s] Level 1:colcon.colcon_core.package_identification:_identify(/home/xinlin/Desktop/mentoo-app/src/router) by extension 'ignore'
[0.364s] Level 1:colcon.colcon_core.package_identification:_identify(/home/xinlin/Desktop/mentoo-app/src/router) by extension 'ignore_ament_install'
[0.364s] Level 1:colcon.colcon_core.package_identification:_identify(/home/xinlin/Desktop/mentoo-app/src/router) by extensions ['colcon_pkg']
[0.364s] Level 1:colcon.colcon_core.package_identification:_identify(/home/xinlin/Desktop/mentoo-app/src/router) by extension 'colcon_pkg'
[0.365s] Level 1:colcon.colcon_core.package_identification:_identify(/home/xinlin/Desktop/mentoo-app/src/router) by extensions ['colcon_meta']
[0.365s] Level 1:colcon.colcon_core.package_identification:_identify(/home/xinlin/Desktop/mentoo-app/src/router) by extension 'colcon_meta'
[0.365s] Level 1:colcon.colcon_core.package_identification:_identify(/home/xinlin/Desktop/mentoo-app/src/router) by extensions ['ros']
[0.365s] Level 1:colcon.colcon_core.package_identification:_identify(/home/xinlin/Desktop/mentoo-app/src/router) by extension 'ros'
[0.365s] Level 1:colcon.colcon_core.package_identification:_identify(/home/xinlin/Desktop/mentoo-app/src/router) by extensions ['cmake', 'python']
[0.365s] Level 1:colcon.colcon_core.package_identification:_identify(/home/xinlin/Desktop/mentoo-app/src/router) by extension 'cmake'
[0.365s] Level 1:colcon.colcon_core.package_identification:_identify(/home/xinlin/Desktop/mentoo-app/src/router) by extension 'python'
[0.365s] Level 1:colcon.colcon_core.package_identification:_identify(/home/xinlin/Desktop/mentoo-app/src/router) by extensions ['python_setup_py']
[0.365s] Level 1:colcon.colcon_core.package_identification:_identify(/home/xinlin/Desktop/mentoo-app/src/router) by extension 'python_setup_py'
[0.366s] Level 1:colcon.colcon_core.package_identification:_identify(/home/xinlin/Desktop/mentoo-app/src/scss) by extensions ['ignore', 'ignore_ament_install']
[0.366s] Level 1:colcon.colcon_core.package_identification:_identify(/home/xinlin/Desktop/mentoo-app/src/scss) by extension 'ignore'
[0.366s] Level 1:colcon.colcon_core.package_identification:_identify(/home/xinlin/Desktop/mentoo-app/src/scss) by extension 'ignore_ament_install'
[0.366s] Level 1:colcon.colcon_core.package_identification:_identify(/home/xinlin/Desktop/mentoo-app/src/scss) by extensions ['colcon_pkg']
[0.366s] Level 1:colcon.colcon_core.package_identification:_identify(/home/xinlin/Desktop/mentoo-app/src/scss) by extension 'colcon_pkg'
[0.366s] Level 1:colcon.colcon_core.package_identification:_identify(/home/xinlin/Desktop/mentoo-app/src/scss) by extensions ['colcon_meta']
[0.366s] Level 1:colcon.colcon_core.package_identification:_identify(/home/xinlin/Desktop/mentoo-app/src/scss) by extension 'colcon_meta'
[0.366s] Level 1:colcon.colcon_core.package_identification:_identify(/home/xinlin/Desktop/mentoo-app/src/scss) by extensions ['ros']
[0.366s] Level 1:colcon.colcon_core.package_identification:_identify(/home/xinlin/Desktop/mentoo-app/src/scss) by extension 'ros'
[0.367s] Level 1:colcon.colcon_core.package_identification:_identify(/home/xinlin/Desktop/mentoo-app/src/scss) by extensions ['cmake', 'python']
[0.367s] Level 1:colcon.colcon_core.package_identification:_identify(/home/xinlin/Desktop/mentoo-app/src/scss) by extension 'cmake'
[0.367s] Level 1:colcon.colcon_core.package_identification:_identify(/home/xinlin/Desktop/mentoo-app/src/scss) by extension 'python'
[0.367s] Level 1:colcon.colcon_core.package_identification:_identify(/home/xinlin/Desktop/mentoo-app/src/scss) by extensions ['python_setup_py']
[0.367s] Level 1:colcon.colcon_core.package_identification:_identify(/home/xinlin/Desktop/mentoo-app/src/scss) by extension 'python_setup_py'
[0.367s] Level 1:colcon.colcon_core.package_identification:_identify(/home/xinlin/Desktop/mentoo-app/src/svg) by extensions ['ignore', 'ignore_ament_install']
[0.367s] Level 1:colcon.colcon_core.package_identification:_identify(/home/xinlin/Desktop/mentoo-app/src/svg) by extension 'ignore'
[0.367s] Level 1:colcon.colcon_core.package_identification:_identify(/home/xinlin/Desktop/mentoo-app/src/svg) by extension 'ignore_ament_install'
[0.368s] Level 1:colcon.colcon_core.package_identification:_identify(/home/xinlin/Desktop/mentoo-app/src/svg) by extensions ['colcon_pkg']
[0.368s] Level 1:colcon.colcon_core.package_identification:_identify(/home/xinlin/Desktop/mentoo-app/src/svg) by extension 'colcon_pkg'
[0.368s] Level 1:colcon.colcon_core.package_identification:_identify(/home/xinlin/Desktop/mentoo-app/src/svg) by extensions ['colcon_meta']
[0.368s] Level 1:colcon.colcon_core.package_identification:_identify(/home/xinlin/Desktop/mentoo-app/src/svg) by extension 'colcon_meta'
[0.368s] Level 1:colcon.colcon_core.package_identification:_identify(/home/xinlin/Desktop/mentoo-app/src/svg) by extensions ['ros']
[0.368s] Level 1:colcon.colcon_core.package_identification:_identify(/home/xinlin/Desktop/mentoo-app/src/svg) by extension 'ros'
[0.368s] Level 1:colcon.colcon_core.package_identification:_identify(/home/xinlin/Desktop/mentoo-app/src/svg) by extensions ['cmake', 'python']
[0.368s] Level 1:colcon.colcon_core.package_identification:_identify(/home/xinlin/Desktop/mentoo-app/src/svg) by extension 'cmake'
[0.368s] Level 1:colcon.colcon_core.package_identification:_identify(/home/xinlin/Desktop/mentoo-app/src/svg) by extension 'python'
[0.368s] Level 1:colcon.colcon_core.package_identification:_identify(/home/xinlin/Desktop/mentoo-app/src/svg) by extensions ['python_setup_py']
[0.368s] Level 1:colcon.colcon_core.package_identification:_identify(/home/xinlin/Desktop/mentoo-app/src/svg) by extension 'python_setup_py'
[0.369s] Level 1:colcon.colcon_core.package_identification:_identify(/home/xinlin/Desktop/mentoo-app/src/views) by extensions ['ignore', 'ignore_ament_install']
[0.369s] Level 1:colcon.colcon_core.package_identification:_identify(/home/xinlin/Desktop/mentoo-app/src/views) by extension 'ignore'
[0.369s] Level 1:colcon.colcon_core.package_identification:_identify(/home/xinlin/Desktop/mentoo-app/src/views) by extension 'ignore_ament_install'
[0.369s] Level 1:colcon.colcon_core.package_identification:_identify(/home/xinlin/Desktop/mentoo-app/src/views) by extensions ['colcon_pkg']
[0.369s] Level 1:colcon.colcon_core.package_identification:_identify(/home/xinlin/Desktop/mentoo-app/src/views) by extension 'colcon_pkg'
[0.369s] Level 1:colcon.colcon_core.package_identification:_identify(/home/xinlin/Desktop/mentoo-app/src/views) by extensions ['colcon_meta']
[0.369s] Level 1:colcon.colcon_core.package_identification:_identify(/home/xinlin/Desktop/mentoo-app/src/views) by extension 'colcon_meta'
[0.369s] Level 1:colcon.colcon_core.package_identification:_identify(/home/xinlin/Desktop/mentoo-app/src/views) by extensions ['ros']
[0.370s] Level 1:colcon.colcon_core.package_identification:_identify(/home/xinlin/Desktop/mentoo-app/src/views) by extension 'ros'
[0.370s] Level 1:colcon.colcon_core.package_identification:_identify(/home/xinlin/Desktop/mentoo-app/src/views) by extensions ['cmake', 'python']
[0.370s] Level 1:colcon.colcon_core.package_identification:_identify(/home/xinlin/Desktop/mentoo-app/src/views) by extension 'cmake'
[0.370s] Level 1:colcon.colcon_core.package_identification:_identify(/home/xinlin/Desktop/mentoo-app/src/views) by extension 'python'
[0.370s] Level 1:colcon.colcon_core.package_identification:_identify(/home/xinlin/Desktop/mentoo-app/src/views) by extensions ['python_setup_py']
[0.370s] Level 1:colcon.colcon_core.package_identification:_identify(/home/xinlin/Desktop/mentoo-app/src/views) by extension 'python_setup_py'
[0.370s] Level 1:colcon.colcon_core.package_discovery:discover_packages(recursive) using defaults
